UVCCamera2.0/usbCameraTest0/build/outputs/mapping/release/seeds.txt
com.serenegiant.display.MyGLSurfaceView
com.serenegiant.display.MyGLSurfaceView: com.serenegiant.display.MyGLRender getGLRender()
com.serenegiant.display.MainActivity: MainActivity()
com.serenegiant.display.MainActivity
...
android.support.v7.appcompat.R$styleable: int[] FontFamilyFont
android.support.v7.appcompat.R$style: int Base_Widget_AppCompat_ButtonBar_AlertDialog
android.support.v7.widget.FitWindowsFrameLayout
android.support.v7.appcompat.R$styleable: int MenuItem_android_numericShortcut
com.serenegiant.common.R$id: int position
android.support.v7.appcompat.R$attr: int titleMargin
android.support.v7.widget.Toolbar: void setCollapsible(boolean)
android.support.v4.widget.NestedScrollView: float getBottomFadingEdgeStrength()
android.support.v7.preference.R$id: int progress_circular
android.support.v7.preference.R$styleable: int SwitchCompat_trackTintMode
android.support.v7.appcompat.R$style: int Platform_ThemeOverlay_AppCompat
android.support.graphics.drawable.VectorDrawableCompat$VFullPath: void setStrokeAlpha(float)
android.support.v7.widget.Toolbar: void setTitleMarginStart(int)
android.support.v7.appcompat.R$styleable: int[] MenuGroup
android.support.v7.preference.R$styleable: int SwitchPreference_android_summaryOff
android.support.v7.appcompat.R$attr: int actionModePasteDrawable
android.support.v7.appcompat.R$string: int abc_toolbar_collapse_description
android.support.v7.preference.R$styleable: int TextAppearance_textAllCaps
android.support.v7.preference.R$id: int title
android.support.v7.preference.R$attr: int activityChooserViewStyle
android.support.v7.preference.R$styleable: int RecyclerView_fastScrollHorizontalThumbDrawable
android.support.v7.widget.AppCompatRadioButton: int getCompoundPaddingLeft()
android.support.v7.appcompat.R$attr: int listPreferredItemHeight
android.support.v7.appcompat.R$styleable: int AlertDialog_showTitle
android.support.v7.recyclerview.R$dimen: int compat_button_inset_horizontal_material
android.support.v7.preference.R$styleable: int TextAppearance_android_shadowColor
android.support.v7.preference.R$attr: int trackTint
android.support.v7.preference.R$styleable: int TextAppearance_android_textColorHint
android.support.v7.preference.R$styleable: int MenuGroup_android_checkableBehavior
android.support.v7.preference.R$id: int uniform
android.support.v7.appcompat.R$style: int Base_TextAppearance_AppCompat_Title
android.support.v7.appcompat.R$styleable: int Toolbar_titleTextAppearance
android.support.v7.appcompat.R$attr: int preserveIconSpacing
com.serenegiant.common.R$styleable: int SearchView_goIcon
android.support.v7.preference.PreferenceGroup: PreferenceGroup(android.content.Context,android.util.AttributeSet)
com.serenegiant.common.R$styleable: int TextAppearance_android_textColorHint
android.support.v7.view.menu.ActionMenuItemView: void setChecked(boolean)
android.support.v7.widget.AppCompatEditText
android.support.v7.appcompat.R$attr: int background
android.support.v7.widget.ActionBarContainer: android.view.View getTabContainer()
android.support.v7.widget.ActionBarContextView: void setCustomView(android.view.View)
android.support.v7.appcompat.R$attr: int alertDialogButtonGroupStyle
android.support.v7.appcompat.R$drawable: int abc_switch_track_mtrl_alpha
android.support.v7.appcompat.R$drawable: int abc_text_select_handle_left_mtrl_light
android.support.v7.appcompat.R$color: int bright_foreground_inverse_material_light
android.support.v7.appcompat.R$drawable: int abc_ic_star_half_black_48dp
android.support.v7.preference.R$attr: int checkBoxPreferenceStyle
android.support.v7.preference.R$styleable: int Preference_iconSpaceReserved
android.support.v7.preference.R$styleable: int AppCompatSeekBar_android_thumb
com.serenegiant.common.R$styleable: int AppCompatTheme_colorSwitchThumbNormal
android.support.v7.internal.widget.PreferenceImageView: PreferenceImageView(android.content.Context,android.util.AttributeSet,int)
com.serenegiant.common.R$styleable: int SwitchPreferenceCompat_android_switchTextOn
android.support.v7.preference.R$attr: int dialogTheme