UVCCamera2.0/usbCameraTest0/build/outputs/mapping/release/mapping.txt
# compiler: R8
# compiler_version: 1.6.82
# min_api: 21
# pg_map_id: 8fa9761
# common_typos_disable
com.serenegiant.display.CommonUtils -> com.serenegiant.display.a:
    void copyAssetsDirToSDCard(android.content.Context,java.lang.String,java.lang.String) -> a
com.serenegiant.display.MainActivity -> com.serenegiant.display.MainActivity:
    com.serenegiant.display.MainActivity$SecondDiaplay secondDiaplay -> u
    java.lang.String[] REQUEST_PERMISSIONS -> v
    com.serenegiant.helper.USBHelper usbHelper -> t
    boolean hasPermissionsGranted(java.lang.String[]) -> a
    void startSecondDisplay() -> l
com.serenegiant.display.MainActivity$SecondDiaplay -> com.serenegiant.display.MainActivity$a:
    android.view.ViewGroup mRootView -> b
    com.serenegiant.display.MyGLSurfaceView mGLSurfaceView -> c
    com.serenegiant.display.MyGLRender mGLRender -> d
    com.serenegiant.display.MyGLSurfaceView access$000(com.serenegiant.display.MainActivity$SecondDiaplay) -> a
    void destroy() -> a
    void start() -> b
com.serenegiant.display.MainActivity$SecondDiaplay$1 -> com.serenegiant.display.MainActivity$a$a:
    com.serenegiant.display.MainActivity$SecondDiaplay this$0 -> b
com.serenegiant.display.MainActivity$SecondDiaplay$1$1 -> com.serenegiant.display.MainActivity$a$a$a:
    com.serenegiant.display.MainActivity$SecondDiaplay$1 this$1 -> b
com.serenegiant.display.MyGLRender -> com.serenegiant.display.b:
    float[] poseArray -> i
    float[] verticesRight -> g
    int pointCount -> h
    float[] verticesBottom -> e
    float[] verticesLeft -> f
    float[] verticesBack -> c
    float[] verticesTop -> d
    float[] verticesFront -> b
    java.util.ArrayList mVertices -> a
    void drawCube(javax.microedition.khronos.opengles.GL10) -> a
    java.nio.FloatBuffer getFloatBuffer(float[]) -> a
    void updateTransformMatrix(float,float,float,float) -> a
com.serenegiant.display.MyGLSurfaceView -> com.serenegiant.display.c:
    float mCurScale -> k
    float mPreScale -> j
    long mLastMultiTouchTime -> l
    com.serenegiant.display.MyGLRender mGLRender -> f
    int mRatioHeight -> h
    android.view.ScaleGestureDetector mScaleGestureDetector -> i
    float mPreviousX -> c
    int mRatioWidth -> g
    float mPreviousY -> b
    int mXAngle -> d
    int mYAngle -> e
    void consumeTouchEvent(android.view.MotionEvent) -> a
    void dealClickEvent(android.view.MotionEvent) -> b
...
com.serenegiant.widget.ColorPickerView -> com.serenegiant.widget.a:
    float mSat -> J
    android.graphics.Paint mValPaint -> v
    float mVal -> H
    android.graphics.Paint mAlphaPaint -> t
    float RECTANGLE_TRACKER_OFFSET -> e
    float[] HSV -> h
    int mAlpha -> G
    android.graphics.Paint mSelectionPaint -> p
    int radius2 -> E
    android.graphics.Paint mPaint -> n
    int center_x -> A
    android.graphics.Paint mBorderPaint -> j
    boolean mShowAlphaSlider -> b
    boolean mShowSelectedColor -> d
    com.serenegiant.graphics.ShaderDrawable mAlphaDrawable -> l
    com.serenegiant.widget.ColorPickerView$ColorPickerListener mColorPickerListener -> y
    float mHue -> I
    float DENSITY -> f
    int mColor -> F
    float SELECTED_RADIUS -> C
    int radius -> D
    android.graphics.RectF mDrawingRect -> i
    android.graphics.Paint mGradientPaint -> o
    android.graphics.Shader mAlphaShader -> m
    int center_y -> B
    android.graphics.Paint mTrackerPaint -> k
    android.graphics.PointF mSelected -> r
    int[] COLORS -> g
    android.graphics.RectF mSelectionRect -> q
    int slider_width -> z
    android.graphics.RectF mSliderRect -> s
    int mState -> x
    android.graphics.RectF mAlphaRect -> u
    android.graphics.RectF mValRect -> w
    boolean mShowValSlider -> c
    int HSVToColor(int,float,float,float) -> a
    android.graphics.Point alphaToPoint(int) -> a
    void drawAlphaPanel(android.graphics.Canvas) -> a
com.serenegiant.widget.ColorPickerView$ColorPickerListener -> com.serenegiant.widget.a$a:
    void onColorChanged(com.serenegiant.widget.ColorPickerView,int) -> a
com.serenegiant.widget.DialogPreferenceV7 -> com.serenegiant.widget.DialogPreferenceV7:
    android.app.AlertDialog$Builder mBuilder -> u
    android.graphics.drawable.Drawable mDialogIcon -> x
    java.lang.CharSequence mDialogTitle -> v
    java.lang.CharSequence mDialogMessage -> w
    android.app.Dialog mDialog -> B
    java.lang.CharSequence mPositiveButtonText -> y
    int mWhichButtonClicked -> C
    java.lang.CharSequence mNegativeButtonText -> z
    int mDialogLayoutResId -> A
    void onPrepareDialogBuilder(android.app.AlertDialog$Builder) -> a
    void requestInputMethod(android.app.Dialog) -> a
    void showDialog(android.os.Bundle) -> a
    void onBindDialogView(android.view.View) -> b
    void setNegativeButtonText(java.lang.CharSequence) -> b
    void setNegativeButtonText(int) -> c
    void setPositiveButtonText(java.lang.CharSequence) -> c
    void onDialogClosed(boolean) -> d
    void setPositiveButtonText(int) -> d
    void onClick() -> m
    java.lang.CharSequence getDialogMessage() -> q
    boolean needInputMethod() -> r
    android.view.View onCreateDialogView() -> s
com.serenegiant.widget.ItemPicker -> com.serenegiant.widget.b:
    com.serenegiant.widget.ItemPickerButton mIncrementButton -> h
    com.serenegiant.widget.ItemPickerButton mDecrementButton -> i
    com.serenegiant.widget.ItemPicker$Formatter mFormatter -> g
    int mCurrentValue -> f
    int mMinValue -> d
    int mMaxValue -> e
    android.widget.EditText mText -> b
    java.lang.String[] mDisplayedValues -> c
    void cancelDecrement() -> a
    java.lang.String formatNumber(int) -> a
    void cancelIncrement() -> b
    void updateView() -> c
com.serenegiant.widget.ItemPicker$Formatter -> com.serenegiant.widget.b$a:
    java.lang.String toString(int) -> a
com.serenegiant.widget.ItemPicker$OnChangedListener -> com.serenegiant.widget.b$b:
com.serenegiant.widget.ItemPickerButton -> com.serenegiant.widget.ItemPickerButton:
    com.serenegiant.widget.ItemPicker mNumberPicker -> b
    void cancelLongpress() -> a
    void cancelLongpressIfRequired(android.view.MotionEvent) -> a
com.serenegiant.widget.ItemPickerPreferenceV7 -> com.serenegiant.widget.ItemPickerPreferenceV7:
    java.lang.Object onGetDefaultValue(android.content.res.TypedArray,int) -> a
com.serenegiant.widget.ItemPickerPreferenceV7$1 -> com.serenegiant.widget.ItemPickerPreferenceV7$a: