UVCCamera2.0/usbCameraTest0/build/outputs/mapping/release/usage.txt
com.serenegiant.display.R$attr
com.serenegiant.display.MainActivityOnPhone
com.serenegiant.display.R$anim
com.serenegiant.display.R$string
com.serenegiant.display.R$id
com.serenegiant.display.R$layout
com.serenegiant.display.MyGLRender:
    public void init()
    public void unInit()
    private int mSampleType
    private static final java.lang.String TAG
    private static final float hFov
    private static final float eyeZ
    private static final float zNear
    private static final float zFar
    private static final float base_line
    private static final float aspect
com.serenegiant.display.MyGLSurfaceView:
    public void setAspectRatio(int,int)
    private static final java.lang.String TAG
    public static final int IMAGE_FORMAT_RGBA
    public static final int IMAGE_FORMAT_NV21
    public static final int IMAGE_FORMAT_NV12
    public static final int IMAGE_FORMAT_I420
com.serenegiant.display.R$animator
com.serenegiant.display.MainActivityOnPhone$1$1
com.serenegiant.display.R$mipmap
com.serenegiant.display.R$dimen
com.serenegiant.display.R$integer
com.serenegiant.display.R$color
com.serenegiant.display.R$style
com.serenegiant.display.R
com.serenegiant.display.R$drawable
com.serenegiant.display.MainActivityOnPhone$1
com.serenegiant.display.CommonUtils:
    public void <init>()
    private static final java.lang.String TAG
com.serenegiant.display.R$xml
com.serenegiant.display.R$bool
com.serenegiant.display.BuildConfig
com.serenegiant.display.R$styleable
com.serenegiant.display.MainActivity:
    private static final java.lang.String TAG
    private static final int PERMISSION_REQUEST_CODE
com.serenegiant.display.MyGLRender:
    private int mWidth
    private int mHeight
    private final float xx
    private final float zz
    private final float zz2
com.serenegiant.display.MyGLSurfaceView:
    private final float TOUCH_SCALE_FACTOR
...
com.serenegiant.glutils.DumbRenderer$RendererDelegater
android.support.v4.app.FrameMetricsAggregator$MetricType
android.support.v4.media.MediaMetadataCompatApi21$Builder
android.support.v7.widget.ActionMenuView:
    private static final java.lang.String TAG
    static final int MIN_CELL_SIZE
    static final int GENERATED_ITEM_PADDING
android.support.v4.content.Loader$ForceLoadContentObserver
android.support.v4.view.ViewPager$SimpleOnPageChangeListener
com.serenegiant.utils.SDUtils$handleOnResultDelegater
android.support.v7.view.menu.CascadingMenuPopup:
    public android.os.Parcelable onSaveInstanceState()
    public void onRestoreInstanceState(android.os.Parcelable)
    static final int HORIZ_POSITION_LEFT
    static final int HORIZ_POSITION_RIGHT
    static final int SUBMENU_TIMEOUT_MS
com.serenegiant.widget.FrameView
android.support.v4.media.MediaBrowserServiceCompat$MediaBrowserServiceImplApi21$2
android.support.v4.media.MediaBrowserServiceCompatApi26$ServiceCompatProxy
android.support.v14.preference.PreferenceFragment$2
android.support.v7.widget.AppCompatEditText:
    public void <init>(android.content.Context)
android.support.v4.widget.SlidingPaneLayout$DisableLayerRunnable
com.serenegiant.utils.ReentrantReadWriteList
android.support.v7.widget.Toolbar$ExpandedActionViewMenuPresenter:
    public android.support.v7.view.menu.MenuView getMenuView(android.view.ViewGroup)
    public int getId()
    public android.os.Parcelable onSaveInstanceState()
    public void onRestoreInstanceState(android.os.Parcelable)
com.serenegiant.net.WiFiP2pHelper$WiFiDirectBroadcastReceiver
android.support.v7.recyclerview.extensions.AsyncDifferConfig$1
android.support.v4.media.session.PlaybackStateCompat:
    public static int toKeyCode(long)
    public int getState()
    public long getPosition()
    public long getBufferedPosition()
    public float getPlaybackSpeed()
    public long getActions()
    public java.util.List getCustomActions()
    public int getErrorCode()
    public java.lang.CharSequence getErrorMessage()
    public long getLastPositionUpdateTime()
    public long getActiveQueueItemId()
    public android.os.Bundle getExtras()
    public java.lang.Object getPlaybackState()
    public static final long ACTION_STOP
    public static final long ACTION_PAUSE
    public static final long ACTION_PLAY
    public static final long ACTION_REWIND
    public static final long ACTION_SKIP_TO_PREVIOUS
    public static final long ACTION_SKIP_TO_NEXT
    public static final long ACTION_FAST_FORWARD
    public static final long ACTION_SET_RATING
    public static final long ACTION_SEEK_TO
    public static final long ACTION_PLAY_PAUSE
    public static final long ACTION_PLAY_FROM_MEDIA_ID
    public static final long ACTION_PLAY_FROM_SEARCH
    public static final long ACTION_SKIP_TO_QUEUE_ITEM
    public static final long ACTION_PLAY_FROM_URI
    public static final long ACTION_PREPARE
    public static final long ACTION_PREPARE_FROM_MEDIA_ID
    public static final long ACTION_PREPARE_FROM_SEARCH
    public static final long ACTION_PREPARE_FROM_URI
    public static final long ACTION_SET_REPEAT_MODE
com.serenegiant.widget.TwoPainViewGroup$1
android.support.v7.preference.CollapsiblePreferenceGroupController
com.serenegiant.mediaeffect.MediaEffectDocumentary
android.support.v4.app.ShareCompat
com.serenegiant.graphics.ShaderDrawable:
    public void <init>()
    public void <init>(int)
    public void setBounds(android.graphics.RectF)
    public void setBounds(float,float,float,float)
    public android.graphics.Shader getShader()
android.support.v4.media.MediaBrowserCompat$SubscriptionCallback$StubApi21
com.serenegiant.bluetooth.BluetoothManager$ConnectingThread
com.serenegiant.media.MediaStoreAdapter$MyAsyncQueryHandler
android.support.v4.widget.SwipeRefreshLayout$6
android.support.compat.R$style
com.serenegiant.media.MediaStoreHelper$LoaderDrawable